<?xml version="1.0" encoding="UTF-8"?>
<testng-results skipped="0" failed="0" total="1" passed="1">
  <reporter-output>
  </reporter-output>
  <suite name="com.pactera.PacteraHomePageTest.PacteraTest" duration-ms="63968" started-at="2015-03-13T13:48:49Z" finished-at="2015-03-13T13:49:53Z">
    <groups>
    </groups>
    <test name="Command line test" duration-ms="63968" started-at="2015-03-13T13:48:49Z" finished-at="2015-03-13T13:49:53Z">
      <class name="com.pactera.PacteraHomePageTest.PacteraTest">
        <test-method status="PASS" signature="gotohomepageTest()" name="gotohomepageTest" is-config="true" duration-ms="48594" started-at="2015-03-13T13:48:49Z" finished-at="2015-03-13T13:49:38Z">
        </test-method>
        <test-method status="PASS" signature="PacteraSearch()" name="PacteraSearch" duration-ms="14739" started-at="2015-03-13T13:49:38Z" finished-at="2015-03-13T13:49:52Z">
        </test-method>
        <test-method status="PASS" signature="CloseBrowserTest()" name="CloseBrowserTest" is-config="true" duration-ms="606" started-at="2015-03-13T13:49:52Z" finished-at="2015-03-13T13:49:53Z">
        </test-method>
      </class>
    </test>
  </suite>
</testng-results>
